<?xml version="1.0" encoding="UTF-8"?>
<!-- Generated by org.testng.reporters.JUnitReportReporter -->
<testsuite hostname="WKWIN9356116" failures="0" tests="1" name="Testcases.TC_LoginTest_001" time="15.504" errors="0" timestamp="28 May 2021 20:10:22 GMT" skipped="0">
  <testcase classname="Testcases.TC_LoginTest_001" name="loginTest" time="15.504"/>
</testsuite> <!-- Testcases.TC_LoginTest_001 -->
